<?xml version="1.0" encoding="UTF-8"?>
<!-- Generated by org.testng.reporters.JUnitReportReporter -->
<testsuite hostname="mamobarjos" failures="0" tests="4" name="mypakage.MyTestCase" time="10.107" errors="0" timestamp="2025-01-23T19:12:48 EET" skipped="0">
  <testcase classname="mypakage.MyTestCase" name="AddNewCustomer" time="0.504"/>
  <system-out/>
  <testcase classname="mypakage.MyTestCase" name="UpdateCustomserInfo" time="0.633"/>
  <system-out/>
  <testcase classname="mypakage.MyTestCase" name="ReadTheUpdatedData" time="8.799"/>
  <system-out/>
  <testcase classname="mypakage.MyTestCase" name="DeleteCustomer" time="0.171"/>
  <system-out/>
</testsuite> <!-- mypakage.MyTestCase -->
